
**** Clean-only build of configuration Debug for project PMSM_28335 ****

"C:\\ti\\ccs1200\\ccs\\utils\\bin\\gmake" -k -j 8 clean -O 
 
DEL /F  "PMSM_28335.hex"  "PMSM_28335.out" 
DEL /F "DLOG4CHC.obj" "DSP2833x_ADC_cal.obj" "DSP2833x_CodeStartBranch.obj" "DSP2833x_GlobalVariableDefs.obj" "DSP2833x_usDelay.obj" "HVPM_Sensored-DevInit_F2833x.obj" "main.obj" "spi_transfer.obj" 
DEL /F "DSP2833x_GlobalVariableDefs.d" "HVPM_Sensored-DevInit_F2833x.d" "main.d" "spi_transfer.d" 
DEL /F "DLOG4CHC.d" "DSP2833x_ADC_cal.d" "DSP2833x_CodeStartBranch.d" "DSP2833x_usDelay.d" 
Could Not Find C:\Users\steve\workspace\lab\motor_control_workspace\chung_yang_motor\NCU_motor\dsp\PMSM_28335\Debug\DLOG4CHC.d
Finished clean
 

**** Build Finished ****

**** Build of configuration Debug for project PMSM_28335 ****

"C:\\ti\\ccs1200\\ccs\\utils\\bin\\gmake" -k -j 8 all -O 
 
Building file: "../DLOG4CHC.asm"
Invoking: C2000 Compiler
"C:/ti/ccs1200/ccs/tools/compiler/ti-cgt-c2000_22.6.0.LTS/bin/cl2000" -v28 -ml -mt --float_support=fpu32 -O4 --opt_for_speed=5 --include_path="C:/ti/ccs1200/ccs/tools/compiler/ti-cgt-c2000_22.6.0.LTS/include" --include_path="C:/ti/myprojects/headers/include" --include_path="C:/ti/myprojects/common/include" --include_path="C:/ti/controlSUITE/libs/math/IQmath/v15c/include" --include_path="C:/ti/controlSUITE/development_kits/~SupportFiles/F2833x_headers" --include_path="C:/ti/controlSUITE/libs/app_libs/motor_control/math_blocks/v4.3" --include_path="C:/ti/controlSUITE/libs/app_libs/motor_control/drivers/f2833x_v2.0" -g --diag_warning=225 --diag_wrap=off --display_error_number --abi=coffabi --preproc_with_compile --preproc_dependency="DLOG4CHC.d_raw"  "../DLOG4CHC.asm"
Finished building: "../DLOG4CHC.asm"
 
Building file: "../DSP2833x_ADC_cal.asm"
Invoking: C2000 Compiler
"C:/ti/ccs1200/ccs/tools/compiler/ti-cgt-c2000_22.6.0.LTS/bin/cl2000" -v28 -ml -mt --float_support=fpu32 -O4 --opt_for_speed=5 --include_path="C:/ti/ccs1200/ccs/tools/compiler/ti-cgt-c2000_22.6.0.LTS/include" --include_path="C:/ti/myprojects/headers/include" --include_path="C:/ti/myprojects/common/include" --include_path="C:/ti/controlSUITE/libs/math/IQmath/v15c/include" --include_path="C:/ti/controlSUITE/development_kits/~SupportFiles/F2833x_headers" --include_path="C:/ti/controlSUITE/libs/app_libs/motor_control/math_blocks/v4.3" --include_path="C:/ti/controlSUITE/libs/app_libs/motor_control/drivers/f2833x_v2.0" -g --diag_warning=225 --diag_wrap=off --display_error_number --abi=coffabi --preproc_with_compile --preproc_dependency="DSP2833x_ADC_cal.d_raw"  "../DSP2833x_ADC_cal.asm"
Finished building: "../DSP2833x_ADC_cal.asm"
 
Building file: "../DSP2833x_CodeStartBranch.asm"
Invoking: C2000 Compiler
"C:/ti/ccs1200/ccs/tools/compiler/ti-cgt-c2000_22.6.0.LTS/bin/cl2000" -v28 -ml -mt --float_support=fpu32 -O4 --opt_for_speed=5 --include_path="C:/ti/ccs1200/ccs/tools/compiler/ti-cgt-c2000_22.6.0.LTS/include" --include_path="C:/ti/myprojects/headers/include" --include_path="C:/ti/myprojects/common/include" --include_path="C:/ti/controlSUITE/libs/math/IQmath/v15c/include" --include_path="C:/ti/controlSUITE/development_kits/~SupportFiles/F2833x_headers" --include_path="C:/ti/controlSUITE/libs/app_libs/motor_control/math_blocks/v4.3" --include_path="C:/ti/controlSUITE/libs/app_libs/motor_control/drivers/f2833x_v2.0" -g --diag_warning=225 --diag_wrap=off --display_error_number --abi=coffabi --preproc_with_compile --preproc_dependency="DSP2833x_CodeStartBranch.d_raw"  "../DSP2833x_CodeStartBranch.asm"
Finished building: "../DSP2833x_CodeStartBranch.asm"
 
Building file: "../DSP2833x_usDelay.asm"
Invoking: C2000 Compiler
"C:/ti/ccs1200/ccs/tools/compiler/ti-cgt-c2000_22.6.0.LTS/bin/cl2000" -v28 -ml -mt --float_support=fpu32 -O4 --opt_for_speed=5 --include_path="C:/ti/ccs1200/ccs/tools/compiler/ti-cgt-c2000_22.6.0.LTS/include" --include_path="C:/ti/myprojects/headers/include" --include_path="C:/ti/myprojects/common/include" --include_path="C:/ti/controlSUITE/libs/math/IQmath/v15c/include" --include_path="C:/ti/controlSUITE/development_kits/~SupportFiles/F2833x_headers" --include_path="C:/ti/controlSUITE/libs/app_libs/motor_control/math_blocks/v4.3" --include_path="C:/ti/controlSUITE/libs/app_libs/motor_control/drivers/f2833x_v2.0" -g --diag_warning=225 --diag_wrap=off --display_error_number --abi=coffabi --preproc_with_compile --preproc_dependency="DSP2833x_usDelay.d_raw"  "../DSP2833x_usDelay.asm"
Finished building: "../DSP2833x_usDelay.asm"
 
Building file: "../HVPM_Sensored-DevInit_F2833x.c"
Invoking: C2000 Compiler
"C:/ti/ccs1200/ccs/tools/compiler/ti-cgt-c2000_22.6.0.LTS/bin/cl2000" -v28 -ml -mt --float_support=fpu32 -O4 --opt_for_speed=5 --include_path="C:/ti/ccs1200/ccs/tools/compiler/ti-cgt-c2000_22.6.0.LTS/include" --include_path="C:/ti/myprojects/headers/include" --include_path="C:/ti/myprojects/common/include" --include_path="C:/ti/controlSUITE/libs/math/IQmath/v15c/include" --include_path="C:/ti/controlSUITE/development_kits/~SupportFiles/F2833x_headers" --include_path="C:/ti/controlSUITE/libs/app_libs/motor_control/math_blocks/v4.3" --include_path="C:/ti/controlSUITE/libs/app_libs/motor_control/drivers/f2833x_v2.0" -g --diag_warning=225 --diag_wrap=off --display_error_number --abi=coffabi --preproc_with_compile --preproc_dependency="HVPM_Sensored-DevInit_F2833x.d_raw"  "../HVPM_Sensored-DevInit_F2833x.c"
Finished building: "../HVPM_Sensored-DevInit_F2833x.c"
 
Building file: "../DSP2833x_GlobalVariableDefs.c"
Invoking: C2000 Compiler
"C:/ti/ccs1200/ccs/tools/compiler/ti-cgt-c2000_22.6.0.LTS/bin/cl2000" -v28 -ml -mt --float_support=fpu32 -O4 --opt_for_speed=5 --include_path="C:/ti/ccs1200/ccs/tools/compiler/ti-cgt-c2000_22.6.0.LTS/include" --include_path="C:/ti/myprojects/headers/include" --include_path="C:/ti/myprojects/common/include" --include_path="C:/ti/controlSUITE/libs/math/IQmath/v15c/include" --include_path="C:/ti/controlSUITE/development_kits/~SupportFiles/F2833x_headers" --include_path="C:/ti/controlSUITE/libs/app_libs/motor_control/math_blocks/v4.3" --include_path="C:/ti/controlSUITE/libs/app_libs/motor_control/drivers/f2833x_v2.0" -g --diag_warning=225 --diag_wrap=off --display_error_number --abi=coffabi --preproc_with_compile --preproc_dependency="DSP2833x_GlobalVariableDefs.d_raw"  "../DSP2833x_GlobalVariableDefs.c"
Finished building: "../DSP2833x_GlobalVariableDefs.c"
 
Building file: "../spi_transfer.c"
Invoking: C2000 Compiler
"C:/ti/ccs1200/ccs/tools/compiler/ti-cgt-c2000_22.6.0.LTS/bin/cl2000" -v28 -ml -mt --float_support=fpu32 -O4 --opt_for_speed=5 --include_path="C:/ti/ccs1200/ccs/tools/compiler/ti-cgt-c2000_22.6.0.LTS/include" --include_path="C:/ti/myprojects/headers/include" --include_path="C:/ti/myprojects/common/include" --include_path="C:/ti/controlSUITE/libs/math/IQmath/v15c/include" --include_path="C:/ti/controlSUITE/development_kits/~SupportFiles/F2833x_headers" --include_path="C:/ti/controlSUITE/libs/app_libs/motor_control/math_blocks/v4.3" --include_path="C:/ti/controlSUITE/libs/app_libs/motor_control/drivers/f2833x_v2.0" -g --diag_warning=225 --diag_wrap=off --display_error_number --abi=coffabi --preproc_with_compile --preproc_dependency="spi_transfer.d_raw"  "../spi_transfer.c"
"../spi_transfer.c", line 44: warning #179-D: variable "i" was declared but never referenced
"../spi_transfer.c", line 68: warning #179-D: variable "Rx" was declared but never referenced
"../spi_transfer.c", line 69: warning #179-D: variable "i" was declared but never referenced
"../spi_transfer.c", line 70: warning #179-D: variable "k" was declared but never referenced
"../spi_transfer.c", line 183: warning #552-D: variable "Rx" was set but never used
"../spi_transfer.c", line 218: warning #552-D: variable "Rx" was set but never used
Finished building: "../spi_transfer.c"
 
Building file: "../main.c"
Invoking: C2000 Compiler
"C:/ti/ccs1200/ccs/tools/compiler/ti-cgt-c2000_22.6.0.LTS/bin/cl2000" -v28 -ml -mt --float_support=fpu32 -O4 --opt_for_speed=5 --include_path="C:/ti/ccs1200/ccs/tools/compiler/ti-cgt-c2000_22.6.0.LTS/include" --include_path="C:/ti/myprojects/headers/include" --include_path="C:/ti/myprojects/common/include" --include_path="C:/ti/controlSUITE/libs/math/IQmath/v15c/include" --include_path="C:/ti/controlSUITE/development_kits/~SupportFiles/F2833x_headers" --include_path="C:/ti/controlSUITE/libs/app_libs/motor_control/math_blocks/v4.3" --include_path="C:/ti/controlSUITE/libs/app_libs/motor_control/drivers/f2833x_v2.0" -g --diag_warning=225 --diag_wrap=off --display_error_number --abi=coffabi --preproc_with_compile --preproc_dependency="main.d_raw"  "../main.c"
"../main.c", line 265: warning #177-D: subscript out of range
"../main.c", line 265: warning #177-D: subscript out of range
"../main.c", line 265: warning #177-D: subscript out of range
"../main.c", line 265: warning #177-D: subscript out of range
"../main.c", line 265: warning #177-D: subscript out of range
"../main.c", line 265: warning #177-D: subscript out of range
"../main.c", line 265: warning #177-D: subscript out of range
"../main.c", line 265: warning #177-D: subscript out of range
"../main.c", line 265: warning #177-D: subscript out of range
"../main.c", line 265: warning #177-D: subscript out of range
"../main.c", line 265: warning #177-D: subscript out of range
"../main.c", line 265: warning #177-D: subscript out of range
"../main.c", line 1291: warning #177-D: subscript out of range
"../main.c", line 1291: warning #177-D: subscript out of range
Finished building: "../main.c"
 
Building target: "PMSM_28335.out"
Invoking: C2000 Linker
"C:/ti/ccs1200/ccs/tools/compiler/ti-cgt-c2000_22.6.0.LTS/bin/cl2000" -v28 -ml -mt --float_support=fpu32 -O4 --opt_for_speed=5 -g --diag_warning=225 --diag_wrap=off --display_error_number --abi=coffabi -z -m"PMSM_28335.map" --stack_size=0x300 --warn_sections -i"C:/ti/ccs1200/ccs/tools/compiler/ti-cgt-c2000_22.6.0.LTS/lib" -i"C:/ti/ccs1200/ccs/tools/compiler/ti-cgt-c2000_22.6.0.LTS/include" --reread_libs --diag_wrap=off --display_error_number --xml_link_info="PMSM_28335_linkInfo.xml" --rom_model -o "PMSM_28335.out" "./DLOG4CHC.obj" "./DSP2833x_ADC_cal.obj" "./DSP2833x_CodeStartBranch.obj" "./DSP2833x_GlobalVariableDefs.obj" "./DSP2833x_usDelay.obj" "./HVPM_Sensored-DevInit_F2833x.obj" "./main.obj" "./spi_transfer.obj" "../28335_RAM_lnk.cmd" "../DSP2833x_Headers_nonBIOS.cmd" "../IQmath_fpu32.lib" "../rts2800_fpu32_fast_supplement.lib"  -llibc.a 
<Linking>
warning #10207-D: resolving index library "IQmath_fpu32.lib" to "IQmath_fpu32_coff.lib", but "IQmath_fpu32_coff.lib" was not found
warning #10207-D: resolving index library "rts2800_fpu32_fast_supplement.lib" to "rts2800_fpu32_fast_supplement_coff.lib", but "rts2800_fpu32_fast_supplement_coff.lib" was not found
warning #10247-D: creating output section "EPwm7RegsFile" without a SECTIONS specification
Finished building target: "PMSM_28335.out"
 

**** Build Finished ****

**** Clean-only build of configuration Debug for project PMSM_28335_test_spi ****

"C:\\ti\\ccs1200\\ccs\\utils\\bin\\gmake" -k -j 8 clean -O 
 
DEL /F  "PMSM_28335_test_spi.hex"  "PMSM_28335_test_spi.out" 
DEL /F "DLOG4CHC.obj" "DSP2833x_ADC_cal.obj" "DSP2833x_CodeStartBranch.obj" "DSP2833x_GlobalVariableDefs.obj" "DSP2833x_usDelay.obj" "HVPM_Sensored-DevInit_F2833x.obj" "main.obj" "spi_transfer.obj" 
DEL /F "DSP2833x_GlobalVariableDefs.d" "HVPM_Sensored-DevInit_F2833x.d" "main.d" "spi_transfer.d" 
DEL /F "DLOG4CHC.d" "DSP2833x_ADC_cal.d" "DSP2833x_CodeStartBranch.d" "DSP2833x_usDelay.d" 
Could Not Find C:\Users\steve\workspace\lab\motor_control_workspace\chung_yang_motor\NCU_motor\dsp\PMSM_28335_test_spi\Debug\PMSM_28335_test_spi.hex
Could Not Find C:\Users\steve\workspace\lab\motor_control_workspace\chung_yang_motor\NCU_motor\dsp\PMSM_28335_test_spi\Debug\DLOG4CHC.d
Finished clean
 

**** Build Finished ****

**** Build of configuration Debug for project PMSM_28335_test_spi ****

"C:\\ti\\ccs1200\\ccs\\utils\\bin\\gmake" -k -j 8 all -O 
 
Building file: "../DLOG4CHC.asm"
Invoking: C2000 Compiler
"C:/ti/ccs1200/ccs/tools/compiler/ti-cgt-c2000_22.6.0.LTS/bin/cl2000" -v28 -ml -mt --float_support=fpu32 -O4 --opt_for_speed=5 --include_path="C:/ti/ccs1200/ccs/tools/compiler/ti-cgt-c2000_22.6.0.LTS/include" --include_path="C:/ti/myprojects/headers/include" --include_path="C:/ti/myprojects/common/include" --include_path="C:/ti/controlSUITE/libs/math/IQmath/v15c/include" --include_path="C:/ti/controlSUITE/development_kits/~SupportFiles/F2833x_headers" --include_path="C:/ti/controlSUITE/libs/app_libs/motor_control/math_blocks/v4.3" --include_path="C:/ti/controlSUITE/libs/app_libs/motor_control/drivers/f2833x_v2.0" -g --diag_warning=225 --diag_wrap=off --display_error_number --abi=coffabi --preproc_with_compile --preproc_dependency="DLOG4CHC.d_raw"  "../DLOG4CHC.asm"
Finished building: "../DLOG4CHC.asm"
 
Building file: "../DSP2833x_ADC_cal.asm"
Invoking: C2000 Compiler
"C:/ti/ccs1200/ccs/tools/compiler/ti-cgt-c2000_22.6.0.LTS/bin/cl2000" -v28 -ml -mt --float_support=fpu32 -O4 --opt_for_speed=5 --include_path="C:/ti/ccs1200/ccs/tools/compiler/ti-cgt-c2000_22.6.0.LTS/include" --include_path="C:/ti/myprojects/headers/include" --include_path="C:/ti/myprojects/common/include" --include_path="C:/ti/controlSUITE/libs/math/IQmath/v15c/include" --include_path="C:/ti/controlSUITE/development_kits/~SupportFiles/F2833x_headers" --include_path="C:/ti/controlSUITE/libs/app_libs/motor_control/math_blocks/v4.3" --include_path="C:/ti/controlSUITE/libs/app_libs/motor_control/drivers/f2833x_v2.0" -g --diag_warning=225 --diag_wrap=off --display_error_number --abi=coffabi --preproc_with_compile --preproc_dependency="DSP2833x_ADC_cal.d_raw"  "../DSP2833x_ADC_cal.asm"
Finished building: "../DSP2833x_ADC_cal.asm"
 
Building file: "../DSP2833x_CodeStartBranch.asm"
Invoking: C2000 Compiler
"C:/ti/ccs1200/ccs/tools/compiler/ti-cgt-c2000_22.6.0.LTS/bin/cl2000" -v28 -ml -mt --float_support=fpu32 -O4 --opt_for_speed=5 --include_path="C:/ti/ccs1200/ccs/tools/compiler/ti-cgt-c2000_22.6.0.LTS/include" --include_path="C:/ti/myprojects/headers/include" --include_path="C:/ti/myprojects/common/include" --include_path="C:/ti/controlSUITE/libs/math/IQmath/v15c/include" --include_path="C:/ti/controlSUITE/development_kits/~SupportFiles/F2833x_headers" --include_path="C:/ti/controlSUITE/libs/app_libs/motor_control/math_blocks/v4.3" --include_path="C:/ti/controlSUITE/libs/app_libs/motor_control/drivers/f2833x_v2.0" -g --diag_warning=225 --diag_wrap=off --display_error_number --abi=coffabi --preproc_with_compile --preproc_dependency="DSP2833x_CodeStartBranch.d_raw"  "../DSP2833x_CodeStartBranch.asm"
Finished building: "../DSP2833x_CodeStartBranch.asm"
 
Building file: "../DSP2833x_usDelay.asm"
Invoking: C2000 Compiler
"C:/ti/ccs1200/ccs/tools/compiler/ti-cgt-c2000_22.6.0.LTS/bin/cl2000" -v28 -ml -mt --float_support=fpu32 -O4 --opt_for_speed=5 --include_path="C:/ti/ccs1200/ccs/tools/compiler/ti-cgt-c2000_22.6.0.LTS/include" --include_path="C:/ti/myprojects/headers/include" --include_path="C:/ti/myprojects/common/include" --include_path="C:/ti/controlSUITE/libs/math/IQmath/v15c/include" --include_path="C:/ti/controlSUITE/development_kits/~SupportFiles/F2833x_headers" --include_path="C:/ti/controlSUITE/libs/app_libs/motor_control/math_blocks/v4.3" --include_path="C:/ti/controlSUITE/libs/app_libs/motor_control/drivers/f2833x_v2.0" -g --diag_warning=225 --diag_wrap=off --display_error_number --abi=coffabi --preproc_with_compile --preproc_dependency="DSP2833x_usDelay.d_raw"  "../DSP2833x_usDelay.asm"
Finished building: "../DSP2833x_usDelay.asm"
 
Building file: "../main.c"
Invoking: C2000 Compiler
"C:/ti/ccs1200/ccs/tools/compiler/ti-cgt-c2000_22.6.0.LTS/bin/cl2000" -v28 -ml -mt --float_support=fpu32 -O4 --opt_for_speed=5 --include_path="C:/ti/ccs1200/ccs/tools/compiler/ti-cgt-c2000_22.6.0.LTS/include" --include_path="C:/ti/myprojects/headers/include" --include_path="C:/ti/myprojects/common/include" --include_path="C:/ti/controlSUITE/libs/math/IQmath/v15c/include" --include_path="C:/ti/controlSUITE/development_kits/~SupportFiles/F2833x_headers" --include_path="C:/ti/controlSUITE/libs/app_libs/motor_control/math_blocks/v4.3" --include_path="C:/ti/controlSUITE/libs/app_libs/motor_control/drivers/f2833x_v2.0" -g --diag_warning=225 --diag_wrap=off --display_error_number --abi=coffabi --preproc_with_compile --preproc_dependency="main.d_raw"  "../main.c"
Finished building: "../main.c"
 
Building file: "../DSP2833x_GlobalVariableDefs.c"
Invoking: C2000 Compiler
"C:/ti/ccs1200/ccs/tools/compiler/ti-cgt-c2000_22.6.0.LTS/bin/cl2000" -v28 -ml -mt --float_support=fpu32 -O4 --opt_for_speed=5 --include_path="C:/ti/ccs1200/ccs/tools/compiler/ti-cgt-c2000_22.6.0.LTS/include" --include_path="C:/ti/myprojects/headers/include" --include_path="C:/ti/myprojects/common/include" --include_path="C:/ti/controlSUITE/libs/math/IQmath/v15c/include" --include_path="C:/ti/controlSUITE/development_kits/~SupportFiles/F2833x_headers" --include_path="C:/ti/controlSUITE/libs/app_libs/motor_control/math_blocks/v4.3" --include_path="C:/ti/controlSUITE/libs/app_libs/motor_control/drivers/f2833x_v2.0" -g --diag_warning=225 --diag_wrap=off --display_error_number --abi=coffabi --preproc_with_compile --preproc_dependency="DSP2833x_GlobalVariableDefs.d_raw"  "../DSP2833x_GlobalVariableDefs.c"
Finished building: "../DSP2833x_GlobalVariableDefs.c"
 
Building file: "../HVPM_Sensored-DevInit_F2833x.c"
Invoking: C2000 Compiler
"C:/ti/ccs1200/ccs/tools/compiler/ti-cgt-c2000_22.6.0.LTS/bin/cl2000" -v28 -ml -mt --float_support=fpu32 -O4 --opt_for_speed=5 --include_path="C:/ti/ccs1200/ccs/tools/compiler/ti-cgt-c2000_22.6.0.LTS/include" --include_path="C:/ti/myprojects/headers/include" --include_path="C:/ti/myprojects/common/include" --include_path="C:/ti/controlSUITE/libs/math/IQmath/v15c/include" --include_path="C:/ti/controlSUITE/development_kits/~SupportFiles/F2833x_headers" --include_path="C:/ti/controlSUITE/libs/app_libs/motor_control/math_blocks/v4.3" --include_path="C:/ti/controlSUITE/libs/app_libs/motor_control/drivers/f2833x_v2.0" -g --diag_warning=225 --diag_wrap=off --display_error_number --abi=coffabi --preproc_with_compile --preproc_dependency="HVPM_Sensored-DevInit_F2833x.d_raw"  "../HVPM_Sensored-DevInit_F2833x.c"
Finished building: "../HVPM_Sensored-DevInit_F2833x.c"
 
Building file: "../spi_transfer.c"
Invoking: C2000 Compiler
"C:/ti/ccs1200/ccs/tools/compiler/ti-cgt-c2000_22.6.0.LTS/bin/cl2000" -v28 -ml -mt --float_support=fpu32 -O4 --opt_for_speed=5 --include_path="C:/ti/ccs1200/ccs/tools/compiler/ti-cgt-c2000_22.6.0.LTS/include" --include_path="C:/ti/myprojects/headers/include" --include_path="C:/ti/myprojects/common/include" --include_path="C:/ti/controlSUITE/libs/math/IQmath/v15c/include" --include_path="C:/ti/controlSUITE/development_kits/~SupportFiles/F2833x_headers" --include_path="C:/ti/controlSUITE/libs/app_libs/motor_control/math_blocks/v4.3" --include_path="C:/ti/controlSUITE/libs/app_libs/motor_control/drivers/f2833x_v2.0" -g --diag_warning=225 --diag_wrap=off --display_error_number --abi=coffabi --preproc_with_compile --preproc_dependency="spi_transfer.d_raw"  "../spi_transfer.c"
"../spi_transfer.c", line 44: warning #179-D: variable "i" was declared but never referenced
"../spi_transfer.c", line 68: warning #179-D: variable "Rx" was declared but never referenced
"../spi_transfer.c", line 69: warning #179-D: variable "i" was declared but never referenced
"../spi_transfer.c", line 70: warning #179-D: variable "k" was declared but never referenced
"../spi_transfer.c", line 183: warning #552-D: variable "Rx" was set but never used
"../spi_transfer.c", line 218: warning #552-D: variable "Rx" was set but never used
Finished building: "../spi_transfer.c"
 
Building target: "PMSM_28335_test_spi.out"
Invoking: C2000 Linker
"C:/ti/ccs1200/ccs/tools/compiler/ti-cgt-c2000_22.6.0.LTS/bin/cl2000" -v28 -ml -mt --float_support=fpu32 -O4 --opt_for_speed=5 -g --diag_warning=225 --diag_wrap=off --display_error_number --abi=coffabi -z -m"PMSM_28335_test_spi.map" --stack_size=0x300 --warn_sections -i"C:/ti/ccs1200/ccs/tools/compiler/ti-cgt-c2000_22.6.0.LTS/lib" -i"C:/ti/ccs1200/ccs/tools/compiler/ti-cgt-c2000_22.6.0.LTS/include" --reread_libs --diag_wrap=off --display_error_number --xml_link_info="PMSM_28335_test_spi_linkInfo.xml" --rom_model -o "PMSM_28335_test_spi.out" "./DLOG4CHC.obj" "./DSP2833x_ADC_cal.obj" "./DSP2833x_CodeStartBranch.obj" "./DSP2833x_GlobalVariableDefs.obj" "./DSP2833x_usDelay.obj" "./HVPM_Sensored-DevInit_F2833x.obj" "./main.obj" "./spi_transfer.obj" "../28335_RAM_lnk.cmd" "../DSP2833x_Headers_nonBIOS.cmd" "../IQmath_fpu32.lib" "../rts2800_fpu32_fast_supplement.lib"  -llibc.a 
<Linking>
warning #10207-D: resolving index library "IQmath_fpu32.lib" to "IQmath_fpu32_coff.lib", but "IQmath_fpu32_coff.lib" was not found
warning #10207-D: resolving index library "rts2800_fpu32_fast_supplement.lib" to "rts2800_fpu32_fast_supplement_coff.lib", but "rts2800_fpu32_fast_supplement_coff.lib" was not found
error #10056: symbol "_DeviceInit" redefined: first defined in "./HVPM_Sensored-DevInit_F2833x.obj"; redefined in "./main.obj"
warning #10247-D: creating output section "EPwm7RegsFile" without a SECTIONS specification
error #10010: errors encountered during linking; "PMSM_28335_test_spi.out" not built
 
>> Compilation failure
makefile:151: recipe for target 'PMSM_28335_test_spi.out' failed
gmake[1]: *** [PMSM_28335_test_spi.out] Error 1
makefile:147: recipe for target 'all' failed
gmake: *** [all] Error 2

**** Build Finished ****

**** Build of configuration Debug for project PMSM_28335_test_spi ****

"C:\\ti\\ccs1200\\ccs\\utils\\bin\\gmake" -k -j 8 all -O 
 
Building target: "PMSM_28335_test_spi.out"
Invoking: C2000 Linker
"C:/ti/ccs1200/ccs/tools/compiler/ti-cgt-c2000_22.6.0.LTS/bin/cl2000" -v28 -ml -mt --float_support=fpu32 -O4 --opt_for_speed=5 -g --diag_warning=225 --diag_wrap=off --display_error_number --abi=coffabi -z -m"PMSM_28335_test_spi.map" --stack_size=0x300 --warn_sections -i"C:/ti/ccs1200/ccs/tools/compiler/ti-cgt-c2000_22.6.0.LTS/lib" -i"C:/ti/ccs1200/ccs/tools/compiler/ti-cgt-c2000_22.6.0.LTS/include" --reread_libs --diag_wrap=off --display_error_number --xml_link_info="PMSM_28335_test_spi_linkInfo.xml" --rom_model -o "PMSM_28335_test_spi.out" "./DLOG4CHC.obj" "./DSP2833x_ADC_cal.obj" "./DSP2833x_CodeStartBranch.obj" "./DSP2833x_GlobalVariableDefs.obj" "./DSP2833x_usDelay.obj" "./HVPM_Sensored-DevInit_F2833x.obj" "./main.obj" "./spi_transfer.obj" "../28335_RAM_lnk.cmd" "../DSP2833x_Headers_nonBIOS.cmd" "../IQmath_fpu32.lib" "../rts2800_fpu32_fast_supplement.lib"  -llibc.a 
<Linking>
warning #10207-D: resolving index library "IQmath_fpu32.lib" to "IQmath_fpu32_coff.lib", but "IQmath_fpu32_coff.lib" was not found
warning #10207-D: resolving index library "rts2800_fpu32_fast_supplement.lib" to "rts2800_fpu32_fast_supplement_coff.lib", but "rts2800_fpu32_fast_supplement_coff.lib" was not found
error #10056: symbol "_DeviceInit" redefined: first defined in "./HVPM_Sensored-DevInit_F2833x.obj"; redefined in "./main.obj"
warning #10247-D: creating output section "EPwm7RegsFile" without a SECTIONS specification
error #10010: errors encountered during linking; "PMSM_28335_test_spi.out" not built
 
>> Compilation failure
makefile:151: recipe for target 'PMSM_28335_test_spi.out' failed
gmake[1]: *** [PMSM_28335_test_spi.out] Error 1
makefile:147: recipe for target 'all' failed
gmake: *** [all] Error 2

**** Build Finished ****

**** Build of configuration Debug for project PMSM_28335 ****

"C:\\ti\\ccs1200\\ccs\\utils\\bin\\gmake" -k -j 8 all -O 
 
Building file: "../main.c"
Invoking: C2000 Compiler
"C:/ti/ccs1200/ccs/tools/compiler/ti-cgt-c2000_22.6.0.LTS/bin/cl2000" -v28 -ml -mt --float_support=fpu32 -O4 --opt_for_speed=5 --include_path="C:/ti/ccs1200/ccs/tools/compiler/ti-cgt-c2000_22.6.0.LTS/include" --include_path="C:/ti/myprojects/headers/include" --include_path="C:/ti/myprojects/common/include" --include_path="C:/ti/controlSUITE/libs/math/IQmath/v15c/include" --include_path="C:/ti/controlSUITE/development_kits/~SupportFiles/F2833x_headers" --include_path="C:/ti/controlSUITE/libs/app_libs/motor_control/math_blocks/v4.3" --include_path="C:/ti/controlSUITE/libs/app_libs/motor_control/drivers/f2833x_v2.0" -g --diag_warning=225 --diag_wrap=off --display_error_number --abi=coffabi --preproc_with_compile --preproc_dependency="main.d_raw"  "../main.c"
"../main.c", line 265: warning #177-D: subscript out of range
"../main.c", line 265: warning #177-D: subscript out of range
"../main.c", line 265: warning #177-D: subscript out of range
"../main.c", line 265: warning #177-D: subscript out of range
"../main.c", line 265: warning #177-D: subscript out of range
"../main.c", line 265: warning #177-D: subscript out of range
"../main.c", line 265: warning #177-D: subscript out of range
"../main.c", line 265: warning #177-D: subscript out of range
"../main.c", line 265: warning #177-D: subscript out of range
"../main.c", line 265: warning #177-D: subscript out of range
"../main.c", line 265: warning #177-D: subscript out of range
"../main.c", line 265: warning #177-D: subscript out of range
"../main.c", line 1291: warning #177-D: subscript out of range
"../main.c", line 1291: warning #177-D: subscript out of range
Finished building: "../main.c"
 
Building target: "PMSM_28335.out"
Invoking: C2000 Linker
"C:/ti/ccs1200/ccs/tools/compiler/ti-cgt-c2000_22.6.0.LTS/bin/cl2000" -v28 -ml -mt --float_support=fpu32 -O4 --opt_for_speed=5 -g --diag_warning=225 --diag_wrap=off --display_error_number --abi=coffabi -z -m"PMSM_28335.map" --stack_size=0x300 --warn_sections -i"C:/ti/ccs1200/ccs/tools/compiler/ti-cgt-c2000_22.6.0.LTS/lib" -i"C:/ti/ccs1200/ccs/tools/compiler/ti-cgt-c2000_22.6.0.LTS/include" --reread_libs --diag_wrap=off --display_error_number --xml_link_info="PMSM_28335_linkInfo.xml" --rom_model -o "PMSM_28335.out" "./DLOG4CHC.obj" "./DSP2833x_ADC_cal.obj" "./DSP2833x_CodeStartBranch.obj" "./DSP2833x_GlobalVariableDefs.obj" "./DSP2833x_usDelay.obj" "./HVPM_Sensored-DevInit_F2833x.obj" "./main.obj" "./spi_transfer.obj" "../28335_RAM_lnk.cmd" "../DSP2833x_Headers_nonBIOS.cmd" "../IQmath_fpu32.lib" "../rts2800_fpu32_fast_supplement.lib"  -llibc.a 
<Linking>
warning #10207-D: resolving index library "IQmath_fpu32.lib" to "IQmath_fpu32_coff.lib", but "IQmath_fpu32_coff.lib" was not found
warning #10207-D: resolving index library "rts2800_fpu32_fast_supplement.lib" to "rts2800_fpu32_fast_supplement_coff.lib", but "rts2800_fpu32_fast_supplement_coff.lib" was not found
warning #10247-D: creating output section "EPwm7RegsFile" without a SECTIONS specification
Finished building target: "PMSM_28335.out"
 

**** Build Finished ****

**** Build of configuration Debug for project PMSM_28335 ****

"C:\\ti\\ccs1200\\ccs\\utils\\bin\\gmake" -k -j 8 all -O 
 
Building target: "PMSM_28335.out"
Invoking: C2000 Linker
"C:/ti/ccs1200/ccs/tools/compiler/ti-cgt-c2000_22.6.0.LTS/bin/cl2000" -v28 -ml -mt --float_support=fpu32 -O4 --opt_for_speed=5 -g --diag_warning=225 --diag_wrap=off --display_error_number --abi=coffabi -z -m"PMSM_28335.map" --stack_size=0x300 --warn_sections -i"C:/ti/ccs1200/ccs/tools/compiler/ti-cgt-c2000_22.6.0.LTS/lib" -i"C:/ti/ccs1200/ccs/tools/compiler/ti-cgt-c2000_22.6.0.LTS/include" --reread_libs --diag_wrap=off --display_error_number --xml_link_info="PMSM_28335_linkInfo.xml" --rom_model -o "PMSM_28335.out" "./DLOG4CHC.obj" "./DSP2833x_ADC_cal.obj" "./DSP2833x_CodeStartBranch.obj" "./DSP2833x_GlobalVariableDefs.obj" "./DSP2833x_usDelay.obj" "./HVPM_Sensored-DevInit_F2833x.obj" "./main.obj" "./spi_transfer.obj" "../28335_RAM_lnk.cmd" "../DSP2833x_Headers_nonBIOS.cmd" "../IQmath_fpu32.lib" "../rts2800_fpu32_fast_supplement.lib"  -llibc.a 
<Linking>
warning #10207-D: resolving index library "IQmath_fpu32.lib" to "IQmath_fpu32_coff.lib", but "IQmath_fpu32_coff.lib" was not found
warning #10207-D: resolving index library "rts2800_fpu32_fast_supplement.lib" to "rts2800_fpu32_fast_supplement_coff.lib", but "rts2800_fpu32_fast_supplement_coff.lib" was not found
warning #10247-D: creating output section "EPwm7RegsFile" without a SECTIONS specification
Finished building target: "PMSM_28335.out"
 

**** Build Finished ****
